2018-04-27 07:35:22 +08:00: å¯åŠ¨æœåŠ¡å™¨port 8080
2018-04-27 07:35:22 +08:00: å¯åŠ¨æœåŠ¡å™¨port 8080
2018-04-27 07:35:22 +08:00: å¯åŠ¨httpsæœåŠ¡å™¨port 4430
2018-04-27 07:35:22 +08:00: redisCache connection succeed
2018-04-27 07:35:22 +08:00: å¯åŠ¨httpsæœåŠ¡å™¨port 4430
2018-04-27 07:35:22 +08:00: å¯åŠ¨æœåŠ¡å™¨port 8080
2018-04-27 07:35:22 +08:00: redisCache connection succeed
2018-04-27 07:35:22 +08:00: å¯åŠ¨httpsæœåŠ¡å™¨port 4430
2018-04-27 07:35:22 +08:00: redisCache connection succeed
2018-04-27 07:35:22 +08:00: å¯åŠ¨æœåŠ¡å™¨port 8080
2018-04-27 07:35:22 +08:00: æ•°æ®åº“è¿æ¥æ‰“å¼€--æ‰“å¼€æˆåŠŸ!
2018-04-27 07:35:22 +08:00: å¯åŠ¨æœåŠ¡å™¨port 8080
2018-04-27 07:35:22 +08:00: å¯åŠ¨httpsæœåŠ¡å™¨port 4430
2018-04-27 07:35:22 +08:00: redisCache connection succeed
2018-04-27 07:35:22 +08:00: å¯åŠ¨æœåŠ¡å™¨port 8080
2018-04-27 07:35:22 +08:00: æ•°æ®åº“è¿æ¥æ‰“å¼€--æ‰“å¼€æˆåŠŸ!
2018-04-27 07:35:22 +08:00: å¯åŠ¨httpsæœåŠ¡å™¨port 4430
2018-04-27 07:35:22 +08:00: redisCache connection succeed
2018-04-27 07:35:22 +08:00: åŠ è½½[é¢‘é“]ç¼“å­˜[8]ä¸ª
2018-04-27 07:35:22 +08:00: åŠ è½½[é¢‘é“]ç¼“å­˜[8]ä¸ª
2018-04-27 07:35:22 +08:00: åŠ è½½[æ–‡ç« ]ç¼“å­˜[4]ä¸ª
2018-04-27 07:35:22 +08:00: æ•°æ®åº“è¿æ¥æ‰“å¼€--æ‰“å¼€æˆåŠŸ!
2018-04-27 07:35:22 +08:00: å¯åŠ¨httpsæœåŠ¡å™¨port 4430
2018-04-27 07:35:22 +08:00: åŠ è½½[æ–‡ç« ]ç¼“å­˜[4]ä¸ª
2018-04-27 07:35:22 +08:00: redisCache connection succeed
2018-04-27 07:35:22 +08:00: æ•°æ®åº“è¿æ¥æ‰“å¼€--æ‰“å¼€æˆåŠŸ!
2018-04-27 07:35:22 +08:00: æ•°æ®åº“è¿æ¥æ‰“å¼€--æ‰“å¼€æˆåŠŸ!
2018-04-27 07:35:22 +08:00: åŠ è½½[é¢‘é“]ç¼“å­˜[8]ä¸ª
2018-04-27 07:35:22 +08:00: åŠ è½½[æ–‡ç« ]ç¼“å­˜[4]ä¸ª
2018-04-27 07:35:22 +08:00: åŠ è½½[é¢‘é“]ç¼“å­˜[8]ä¸ª
2018-04-27 07:35:22 +08:00: åŠ è½½[é¢‘é“]ç¼“å­˜[8]ä¸ª
2018-04-27 07:35:22 +08:00: åŠ è½½[æ–‡ç« ]ç¼“å­˜[4]ä¸ª
2018-04-27 07:35:22 +08:00: åŠ è½½[æ–‡ç« ]ç¼“å­˜[4]ä¸ª
2018-04-27 07:35:22 +08:00: æ•°æ®åº“è¿æ¥æ‰“å¼€--æ‰“å¼€æˆåŠŸ!
2018-04-27 07:35:22 +08:00: åŠ è½½[é¢‘é“]ç¼“å­˜[8]ä¸ª
2018-04-27 07:35:22 +08:00: åŠ è½½[æ–‡ç« ]ç¼“å­˜[4]ä¸ª
2018-04-27 21:36:45 +08:00: urlåœ°å€[https://api.weixin.qq.com/sns/jscode2session?appid=wx4abeef7a084d03d6&secret=c6b6640c61f02815312c810f79507778&js_code=021mRvod1oKUPr06Qyqd1nfsod1mRvov&grant_type=authorization_code?temp=0.49625595784993193]
2018-04-27 21:36:45 +08:00: Method [[object Object]]
2018-04-27 21:36:45 +08:00: è¯»å–ç¼“å­˜blog
2018-04-27 21:36:45 +08:00: æœ€å¿«æ¨¡å¼...
2018-04-27 21:36:45 +08:00: [0mPOST /wx/blogList [32m200 [0m44.127 ms - 22729[0m
2018-04-27 21:36:45 +08:00: [0mGET /wx/login/021mRvod1oKUPr06Qyqd1nfsod1mRvov [32m200 [0m299.184 ms - 82[0m
2018-04-27 21:36:45 +08:00: tid:oXH-t4jd-XIpd1znoTmNVeSI-B-c
2018-04-27 21:36:45 +08:00: ç”ŸæˆtokenæˆåŠŸ
2018-04-27 21:36:45 +08:00: [0mGET /wx/exist/oXH-t4jd-XIpd1znoTmNVeSI-B-c [32m200 [0m5.559 ms - 169[0m
2018-04-27 21:36:45 +08:00: æ ¹æ®uuidæŸ¥è¯¢å•æ¡æ•°æ®æˆåŠŸ
2018-04-27 21:36:45 +08:00: ä¿®æ”¹æˆåŠŸ
2018-04-27 21:36:45 +08:00: [0mGET /wx/updateInfo/oXH-t4jd-XIpd1znoTmNVeSI-B-c [32m200 [0m21.212 ms - 4[0m
2018-04-27 21:39:10 +08:00: urlåœ°å€[https://api.weixin.qq.com/sns/jscode2session?appid=wx4abeef7a084d03d6&secret=c6b6640c61f02815312c810f79507778&js_code=0611Hukz1PrIqh02rMkz1vDkkz11Hukz&grant_type=authorization_code?temp=0.026874646857206086]
2018-04-27 21:39:10 +08:00: Method [[object Object]]
2018-04-27 21:39:10 +08:00: è¯»å–ç¼“å­˜blog
2018-04-27 21:39:11 +08:00: æœ€å¿«æ¨¡å¼...
2018-04-27 21:39:11 +08:00: [0mPOST /wx/blogList [32m200 [0m53.787 ms - 22729[0m
2018-04-27 21:39:11 +08:00: [0mGET /wx/login/0611Hukz1PrIqh02rMkz1vDkkz11Hukz [32m200 [0m197.687 ms - 82[0m
2018-04-27 21:39:11 +08:00: tid:oXH-t4jd-XIpd1znoTmNVeSI-B-c
2018-04-27 21:39:11 +08:00: ç”ŸæˆtokenæˆåŠŸ
2018-04-27 21:39:11 +08:00: [0mGET /wx/exist/oXH-t4jd-XIpd1znoTmNVeSI-B-c [32m200 [0m6.624 ms - 169[0m
2018-04-27 21:39:11 +08:00: æ ¹æ®uuidæŸ¥è¯¢å•æ¡æ•°æ®æˆåŠŸ
2018-04-27 21:39:11 +08:00: ä¿®æ”¹æˆåŠŸ
2018-04-27 21:39:11 +08:00: [0mGET /wx/updateInfo/oXH-t4jd-XIpd1znoTmNVeSI-B-c [32m200 [0m21.445 ms - 4[0m
2018-04-27 21:39:14 +08:00: urlåœ°å€[https://api.weixin.qq.com/sns/jscode2session?appid=wx4abeef7a084d03d6&secret=c6b6640c61f02815312c810f79507778&js_code=001YkZFM0HbPq32aFtEM02JIFM0YkZFa&grant_type=authorization_code?temp=0.13047581798195274]
2018-04-27 21:39:14 +08:00: Method [[object Object]]
2018-04-27 21:39:14 +08:00: è¯»å–ç¼“å­˜blog
2018-04-27 21:39:14 +08:00: æœ€å¿«æ¨¡å¼...
2018-04-27 21:39:14 +08:00: [0mPOST /wx/blogList [32m200 [0m21.240 ms - 22729[0m
2018-04-27 21:39:14 +08:00: [0mGET /wx/login/001YkZFM0HbPq32aFtEM02JIFM0YkZFa [32m200 [0m164.844 ms - 82[0m
2018-04-27 21:39:14 +08:00: tid:oXH-t4jd-XIpd1znoTmNVeSI-B-c
2018-04-27 21:39:14 +08:00: ç”ŸæˆtokenæˆåŠŸ
2018-04-27 21:39:14 +08:00: [0mGET /wx/exist/oXH-t4jd-XIpd1znoTmNVeSI-B-c [32m200 [0m3.567 ms - 169[0m
2018-04-27 21:39:14 +08:00: æ ¹æ®uuidæŸ¥è¯¢å•æ¡æ•°æ®æˆåŠŸ
2018-04-27 21:39:14 +08:00: ä¿®æ”¹æˆåŠŸ
2018-04-27 21:39:14 +08:00: [0mGET /wx/updateInfo/oXH-t4jd-XIpd1znoTmNVeSI-B-c [32m200 [0m4.583 ms - 4[0m
2018-04-27 21:39:17 +08:00: [0mPOST /channel/list [32m200 [0m23.130 ms - 755[0m
2018-04-27 21:39:18 +08:00: è¯»å–ç¼“å­˜blog
2018-04-27 21:39:18 +08:00: æœ€å¿«æ¨¡å¼...
2018-04-27 21:39:18 +08:00: [0mPOST /wx/blogList [32m200 [0m25.362 ms - 22729[0m
2018-04-27 21:39:20 +08:00: è¯»å–ç¼“å­˜blog
2018-04-27 21:39:20 +08:00: æœ€å¿«æ¨¡å¼...
2018-04-27 21:39:20 +08:00: [0mPOST /wx/blogList [32m200 [0m16.316 ms - 22729[0m
2018-04-27 21:39:21 +08:00: urlåœ°å€[https://api.weixin.qq.com/sns/jscode2session?appid=wx4abeef7a084d03d6&secret=c6b6640c61f02815312c810f79507778&js_code=061oADxV1CDVEW0zX4wV1p4FxV1oADxo&grant_type=authorization_code?temp=0.8471389986129172]
2018-04-27 21:39:21 +08:00: Method [[object Object]]
2018-04-27 21:39:21 +08:00: [0mGET /wx/login/061oADxV1CDVEW0zX4wV1p4FxV1oADxo [32m200 [0m562.361 ms - 82[0m
2018-04-27 21:39:22 +08:00: tid:oXH-t4jd-XIpd1znoTmNVeSI-B-c
2018-04-27 21:39:22 +08:00: ç”ŸæˆtokenæˆåŠŸ
2018-04-27 21:39:22 +08:00: [0mGET /wx/exist/oXH-t4jd-XIpd1znoTmNVeSI-B-c [32m200 [0m1.626 ms - 169[0m
2018-04-27 21:39:22 +08:00: æ ¹æ®uuidæŸ¥è¯¢å•æ¡æ•°æ®æˆåŠŸ
2018-04-27 21:39:22 +08:00: ä¿®æ”¹æˆåŠŸ
2018-04-27 21:39:22 +08:00: [0mGET /wx/updateInfo/oXH-t4jd-XIpd1znoTmNVeSI-B-c [32m200 [0m6.518 ms - 4[0m
2018-04-27 21:39:29 +08:00: urlåœ°å€[https://api.weixin.qq.com/sns/jscode2session?appid=wx4abeef7a084d03d6&secret=c6b6640c61f02815312c810f79507778&js_code=071xFiTB0Vrrug2wXgRB0ssZSB0xFiTz&grant_type=authorization_code?temp=0.2510841098343455]
2018-04-27 21:39:29 +08:00: Method [[object Object]]
2018-04-27 21:39:29 +08:00: è¯»å–ç¼“å­˜blog
2018-04-27 21:39:29 +08:00: æœ€å¿«æ¨¡å¼...
2018-04-27 21:39:29 +08:00: [0mPOST /wx/blogList [32m200 [0m52.142 ms - 22729[0m
2018-04-27 21:39:29 +08:00: [0mGET /wx/login/071xFiTB0Vrrug2wXgRB0ssZSB0xFiTz [32m200 [0m192.883 ms - 82[0m
2018-04-27 21:39:29 +08:00: tid:oXH-t4jd-XIpd1znoTmNVeSI-B-c
2018-04-27 21:39:29 +08:00: ç”ŸæˆtokenæˆåŠŸ
2018-04-27 21:39:29 +08:00: [0mGET /wx/exist/oXH-t4jd-XIpd1znoTmNVeSI-B-c [32m200 [0m5.876 ms - 169[0m
2018-04-27 21:39:29 +08:00: æ ¹æ®uuidæŸ¥è¯¢å•æ¡æ•°æ®æˆåŠŸ
2018-04-27 21:39:29 +08:00: ä¿®æ”¹æˆåŠŸ
2018-04-27 21:39:29 +08:00: [0mGET /wx/updateInfo/oXH-t4jd-XIpd1znoTmNVeSI-B-c [32m200 [0m23.197 ms - 4[0m
