SyntaxError: Block-scoped declarations (let, const, function, class) not yet supported outside strict mode
    at exports.runInThisContext (vm.js:53:16)
    at Module._compile (module.js:387:25)
    at Object.Module._extensions..js (module.js:422:10)
    at Module.load (module.js:357:32)
    at Function.Module._load (module.js:314:12)
    at Module.require (module.js:367:17)
    at require (internal/module.js:16:19)
    at Object.<anonymous> (/Users/hotread/work/learn/Blog/MyBlogBack/app.js:7:15)
    at Module._compile (module.js:413:34)
    at Object.Module._extensions..js (module.js:422:10)
SyntaxError: Block-scoped declarations (let, const, function, class) not yet supported outside strict mode
    at exports.runInThisContext (vm.js:53:16)
    at Module._compile (module.js:387:25)
    at Object.Module._extensions..js (module.js:422:10)
    at Module.load (module.js:357:32)
    at Function.Module._load (module.js:314:12)
    at Module.require (module.js:367:17)
    at require (internal/module.js:16:19)
    at Object.<anonymous> (/Users/hotread/work/learn/Blog/MyBlogBack/app.js:7:15)
    at Module._compile (module.js:413:34)
    at Object.Module._extensions..js (module.js:422:10)
SyntaxError: Block-scoped declarations (let, const, function, class) not yet supported outside strict mode
    at exports.runInThisContext (vm.js:53:16)
    at Module._compile (module.js:387:25)
    at Object.Module._extensions..js (module.js:422:10)
    at Module.load (module.js:357:32)
    at Function.Module._load (module.js:314:12)
    at Function._load (/Users/hotread/.config/yarn/global/node_modules/pmx/lib/transaction.js:94:21)
    at Module.require (module.js:367:17)
    at require (internal/module.js:16:19)
    at Object.<anonymous> (/Users/hotread/work/learn/Blog/MyBlogBack/app.js:7:15)
    at Module._compile (module.js:413:34)
SyntaxError: Block-scoped declarations (let, const, function, class) not yet supported outside strict mode
    at exports.runInThisContext (vm.js:53:16)
    at Module._compile (module.js:387:25)
    at Object.Module._extensions..js (module.js:422:10)
    at Module.load (module.js:357:32)
    at Function.Module._load (module.js:314:12)
    at Function._load (/Users/hotread/.config/yarn/global/node_modules/pmx/lib/transaction.js:94:21)
    at Module.require (module.js:367:17)
    at require (internal/module.js:16:19)
    at Object.<anonymous> (/Users/hotread/work/learn/Blog/MyBlogBack/app.js:7:15)
    at Module._compile (module.js:413:34)
SyntaxError: Block-scoped declarations (let, const, function, class) not yet supported outside strict mode
    at exports.runInThisContext (vm.js:53:16)
    at Module._compile (module.js:387:25)
    at Object.Module._extensions..js (module.js:422:10)
    at Module.load (module.js:357:32)
    at Function.Module._load (module.js:314:12)
    at Function._load (/Users/hotread/.config/yarn/global/node_modules/pmx/lib/transaction.js:94:21)
    at Module.require (module.js:367:17)
    at require (internal/module.js:16:19)
    at Object.<anonymous> (/Users/hotread/work/learn/Blog/MyBlogBack/app.js:7:15)
    at Module._compile (module.js:413:34)
SyntaxError: Block-scoped declarations (let, const, function, class) not yet supported outside strict mode
    at exports.runInThisContext (vm.js:53:16)
    at Module._compile (module.js:387:25)
    at Object.Module._extensions..js (module.js:422:10)
    at Module.load (module.js:357:32)
    at Function.Module._load (module.js:314:12)
    at Function._load (/Users/hotread/.config/yarn/global/node_modules/pmx/lib/transaction.js:94:21)
    at Module.require (module.js:367:17)
    at require (internal/module.js:16:19)
    at Object.<anonymous> (/Users/hotread/work/learn/Blog/MyBlogBack/app.js:7:15)
    at Module._compile (module.js:413:34)
SyntaxError: Block-scoped declarations (let, const, function, class) not yet supported outside strict mode
    at exports.runInThisContext (vm.js:53:16)
    at Module._compile (module.js:387:25)
    at Object.Module._extensions..js (module.js:422:10)
    at Module.load (module.js:357:32)
    at Function.Module._load (module.js:314:12)
    at Function._load (/Users/hotread/.config/yarn/global/node_modules/pmx/lib/transaction.js:94:21)
    at Module.require (module.js:367:17)
    at require (internal/module.js:16:19)
    at Object.<anonymous> (/Users/hotread/work/learn/Blog/MyBlogBack/app.js:7:15)
    at Module._compile (module.js:413:34)
SyntaxError: Block-scoped declarations (let, const, function, class) not yet supported outside strict mode
    at exports.runInThisContext (vm.js:53:16)
    at Module._compile (module.js:387:25)
    at Object.Module._extensions..js (module.js:422:10)
    at Module.load (module.js:357:32)
    at Function.Module._load (module.js:314:12)
    at Function._load (/Users/hotread/.config/yarn/global/node_modules/pmx/lib/transaction.js:94:21)
    at Module.require (module.js:367:17)
    at require (internal/module.js:16:19)
    at Object.<anonymous> (/Users/hotread/work/learn/Blog/MyBlogBack/app.js:7:15)
    at Module._compile (module.js:413:34)
SyntaxError: Block-scoped declarations (let, const, function, class) not yet supported outside strict mode
    at exports.runInThisContext (vm.js:53:16)
    at Module._compile (module.js:387:25)
    at Object.Module._extensions..js (module.js:422:10)
    at Module.load (module.js:357:32)
    at Function.Module._load (module.js:314:12)
    at Function._load (/Users/hotread/.config/yarn/global/node_modules/pmx/lib/transaction.js:94:21)
    at Module.require (module.js:367:17)
    at require (internal/module.js:16:19)
    at Object.<anonymous> (/Users/hotread/work/learn/Blog/MyBlogBack/app.js:7:15)
    at Module._compile (module.js:413:34)
SyntaxError: Block-scoped declarations (let, const, function, class) not yet supported outside strict mode
    at exports.runInThisContext (vm.js:53:16)
    at Module._compile (module.js:387:25)
    at Object.Module._extensions..js (module.js:422:10)
    at Module.load (module.js:357:32)
    at Function.Module._load (module.js:314:12)
    at Function._load (/Users/hotread/.config/yarn/global/node_modules/pmx/lib/transaction.js:94:21)
    at Module.require (module.js:367:17)
    at require (internal/module.js:16:19)
    at Object.<anonymous> (/Users/hotread/work/learn/Blog/MyBlogBack/app.js:7:15)
    at Module._compile (module.js:413:34)
SyntaxError: Block-scoped declarations (let, const, function, class) not yet supported outside strict mode
    at exports.runInThisContext (vm.js:53:16)
    at Module._compile (module.js:387:25)
    at Object.Module._extensions..js (module.js:422:10)
    at Module.load (module.js:357:32)
    at Function.Module._load (module.js:314:12)
    at Function._load (/Users/hotread/.config/yarn/global/node_modules/pmx/lib/transaction.js:94:21)
    at Module.require (module.js:367:17)
    at require (internal/module.js:16:19)
    at Object.<anonymous> (/Users/hotread/work/learn/Blog/MyBlogBack/app.js:7:15)
    at Module._compile (module.js:413:34)
SyntaxError: Block-scoped declarations (let, const, function, class) not yet supported outside strict mode
    at exports.runInThisContext (vm.js:53:16)
    at Module._compile (module.js:387:25)
    at Object.Module._extensions..js (module.js:422:10)
    at Module.load (module.js:357:32)
    at Function.Module._load (module.js:314:12)
    at Function._load (/Users/hotread/.config/yarn/global/node_modules/pmx/lib/transaction.js:94:21)
    at Module.require (module.js:367:17)
    at require (internal/module.js:16:19)
    at Object.<anonymous> (/Users/hotread/work/learn/Blog/MyBlogBack/app.js:7:15)
    at Module._compile (module.js:413:34)
SyntaxError: Block-scoped declarations (let, const, function, class) not yet supported outside strict mode
    at exports.runInThisContext (vm.js:53:16)
    at Module._compile (module.js:387:25)
    at Object.Module._extensions..js (module.js:422:10)
    at Module.load (module.js:357:32)
    at Function.Module._load (module.js:314:12)
    at Function._load (/Users/hotread/.config/yarn/global/node_modules/pmx/lib/transaction.js:94:21)
    at Module.require (module.js:367:17)
    at require (internal/module.js:16:19)
    at Object.<anonymous> (/Users/hotread/work/learn/Blog/MyBlogBack/app.js:7:15)
    at Module._compile (module.js:413:34)
SyntaxError: Block-scoped declarations (let, const, function, class) not yet supported outside strict mode
    at exports.runInThisContext (vm.js:53:16)
    at Module._compile (module.js:387:25)
    at Object.Module._extensions..js (module.js:422:10)
    at Module.load (module.js:357:32)
    at Function.Module._load (module.js:314:12)
    at Function._load (/Users/hotread/.config/yarn/global/node_modules/pmx/lib/transaction.js:94:21)
    at Module.require (module.js:367:17)
    at require (internal/module.js:16:19)
    at Object.<anonymous> (/Users/hotread/work/learn/Blog/MyBlogBack/app.js:7:15)
    at Module._compile (module.js:413:34)
SyntaxError: Block-scoped declarations (let, const, function, class) not yet supported outside strict mode
    at exports.runInThisContext (vm.js:53:16)
    at Module._compile (module.js:387:25)
    at Object.Module._extensions..js (module.js:422:10)
    at Module.load (module.js:357:32)
    at Function.Module._load (module.js:314:12)
    at Function._load (/Users/hotread/.config/yarn/global/node_modules/pmx/lib/transaction.js:94:21)
    at Module.require (module.js:367:17)
    at require (internal/module.js:16:19)
    at Object.<anonymous> (/Users/hotread/work/learn/Blog/MyBlogBack/app.js:7:15)
    at Module._compile (module.js:413:34)
SyntaxError: Block-scoped declarations (let, const, function, class) not yet supported outside strict mode
    at exports.runInThisContext (vm.js:53:16)
    at Module._compile (module.js:387:25)
    at Object.Module._extensions..js (module.js:422:10)
    at Module.load (module.js:357:32)
    at Function.Module._load (module.js:314:12)
    at Function._load (/Users/hotread/.config/yarn/global/node_modules/pmx/lib/transaction.js:94:21)
    at Module.require (module.js:367:17)
    at require (internal/module.js:16:19)
    at Object.<anonymous> (/Users/hotread/work/learn/Blog/MyBlogBack/app.js:7:15)
    at Module._compile (module.js:413:34)
SyntaxError: Block-scoped declarations (let, const, function, class) not yet supported outside strict mode
    at exports.runInThisContext (vm.js:53:16)
    at Module._compile (module.js:387:25)
    at Object.Module._extensions..js (module.js:422:10)
    at Module.load (module.js:357:32)
    at Function.Module._load (module.js:314:12)
    at Function._load (/Users/hotread/.config/yarn/global/node_modules/pmx/lib/transaction.js:94:21)
    at Module.require (module.js:367:17)
    at require (internal/module.js:16:19)
    at Object.<anonymous> (/Users/hotread/work/learn/Blog/MyBlogBack/app.js:7:15)
    at Module._compile (module.js:413:34)
SyntaxError: Block-scoped declarations (let, const, function, class) not yet supported outside strict mode
    at exports.runInThisContext (vm.js:53:16)
    at Module._compile (module.js:387:25)
    at Object.Module._extensions..js (module.js:422:10)
    at Module.load (module.js:357:32)
    at Function.Module._load (module.js:314:12)
    at Function._load (/Users/hotread/.config/yarn/global/node_modules/pmx/lib/transaction.js:94:21)
    at Module.require (module.js:367:17)
    at require (internal/module.js:16:19)
    at Object.<anonymous> (/Users/hotread/work/learn/Blog/MyBlogBack/app.js:7:15)
    at Module._compile (module.js:413:34)
SyntaxError: Block-scoped declarations (let, const, function, class) not yet supported outside strict mode
    at exports.runInThisContext (vm.js:53:16)
    at Module._compile (module.js:387:25)
    at Object.Module._extensions..js (module.js:422:10)
    at Module.load (module.js:357:32)
    at Function.Module._load (module.js:314:12)
    at Function._load (/Users/hotread/.config/yarn/global/node_modules/pmx/lib/transaction.js:94:21)
    at Module.require (module.js:367:17)
    at require (internal/module.js:16:19)
    at Object.<anonymous> (/Users/hotread/work/learn/Blog/MyBlogBack/app.js:7:15)
    at Module._compile (module.js:413:34)
SyntaxError: Block-scoped declarations (let, const, function, class) not yet supported outside strict mode
    at exports.runInThisContext (vm.js:53:16)
    at Module._compile (module.js:387:25)
    at Object.Module._extensions..js (module.js:422:10)
    at Module.load (module.js:357:32)
    at Function.Module._load (module.js:314:12)
    at Function._load (/Users/hotread/.config/yarn/global/node_modules/pmx/lib/transaction.js:94:21)
    at Module.require (module.js:367:17)
    at require (internal/module.js:16:19)
    at Object.<anonymous> (/Users/hotread/work/learn/Blog/MyBlogBack/app.js:7:15)
    at Module._compile (module.js:413:34)
SyntaxError: Block-scoped declarations (let, const, function, class) not yet supported outside strict mode
    at exports.runInThisContext (vm.js:53:16)
    at Module._compile (module.js:387:25)
    at Object.Module._extensions..js (module.js:422:10)
    at Module.load (module.js:357:32)
    at Function.Module._load (module.js:314:12)
    at Function._load (/Users/hotread/.config/yarn/global/node_modules/pmx/lib/transaction.js:94:21)
    at Module.require (module.js:367:17)
    at require (internal/module.js:16:19)
    at Object.<anonymous> (/Users/hotread/work/learn/Blog/MyBlogBack/app.js:7:15)
    at Module._compile (module.js:413:34)
SyntaxError: Block-scoped declarations (let, const, function, class) not yet supported outside strict mode
    at exports.runInThisContext (vm.js:53:16)
    at Module._compile (module.js:387:25)
    at Object.Module._extensions..js (module.js:422:10)
    at Module.load (module.js:357:32)
    at Function.Module._load (module.js:314:12)
    at Function._load (/Users/hotread/.config/yarn/global/node_modules/pmx/lib/transaction.js:94:21)
    at Module.require (module.js:367:17)
    at require (internal/module.js:16:19)
    at Object.<anonymous> (/Users/hotread/work/learn/Blog/MyBlogBack/app.js:7:15)
    at Module._compile (module.js:413:34)
SyntaxError: Block-scoped declarations (let, const, function, class) not yet supported outside strict mode
    at exports.runInThisContext (vm.js:53:16)
    at Module._compile (module.js:387:25)
    at Object.Module._extensions..js (module.js:422:10)
    at Module.load (module.js:357:32)
    at Function.Module._load (module.js:314:12)
    at Function._load (/Users/hotread/.config/yarn/global/node_modules/pmx/lib/transaction.js:94:21)
    at Module.require (module.js:367:17)
    at require (internal/module.js:16:19)
    at Object.<anonymous> (/Users/hotread/work/learn/Blog/MyBlogBack/app.js:7:15)
    at Module._compile (module.js:413:34)
SyntaxError: Block-scoped declarations (let, const, function, class) not yet supported outside strict mode
    at exports.runInThisContext (vm.js:53:16)
    at Module._compile (module.js:387:25)
    at Object.Module._extensions..js (module.js:422:10)
    at Module.load (module.js:357:32)
    at Function.Module._load (module.js:314:12)
    at Function._load (/Users/hotread/.config/yarn/global/node_modules/pmx/lib/transaction.js:94:21)
    at Module.require (module.js:367:17)
    at require (internal/module.js:16:19)
    at Object.<anonymous> (/Users/hotread/work/learn/Blog/MyBlogBack/app.js:7:15)
    at Module._compile (module.js:413:34)
SyntaxError: Block-scoped declarations (let, const, function, class) not yet supported outside strict mode
    at exports.runInThisContext (vm.js:53:16)
    at Module._compile (module.js:387:25)
    at Object.Module._extensions..js (module.js:422:10)
    at Module.load (module.js:357:32)
    at Function.Module._load (module.js:314:12)
    at Function._load (/Users/hotread/.config/yarn/global/node_modules/pmx/lib/transaction.js:94:21)
    at Module.require (module.js:367:17)
    at require (internal/module.js:16:19)
    at Object.<anonymous> (/Users/hotread/work/learn/Blog/MyBlogBack/app.js:7:15)
    at Module._compile (module.js:413:34)
SyntaxError: Block-scoped declarations (let, const, function, class) not yet supported outside strict mode
    at exports.runInThisContext (vm.js:53:16)
    at Module._compile (module.js:387:25)
    at Object.Module._extensions..js (module.js:422:10)
    at Module.load (module.js:357:32)
    at Function.Module._load (module.js:314:12)
    at Function._load (/Users/hotread/.config/yarn/global/node_modules/pmx/lib/transaction.js:94:21)
    at Module.require (module.js:367:17)
    at require (internal/module.js:16:19)
    at Object.<anonymous> (/Users/hotread/work/learn/Blog/MyBlogBack/app.js:7:15)
    at Module._compile (module.js:413:34)
SyntaxError: Block-scoped declarations (let, const, function, class) not yet supported outside strict mode
    at exports.runInThisContext (vm.js:53:16)
    at Module._compile (module.js:387:25)
    at Object.Module._extensions..js (module.js:422:10)
    at Module.load (module.js:357:32)
    at Function.Module._load (module.js:314:12)
    at Function._load (/Users/hotread/.config/yarn/global/node_modules/pmx/lib/transaction.js:94:21)
    at Module.require (module.js:367:17)
    at require (internal/module.js:16:19)
    at Object.<anonymous> (/Users/hotread/work/learn/Blog/MyBlogBack/app.js:7:15)
    at Module._compile (module.js:413:34)
SyntaxError: Block-scoped declarations (let, const, function, class) not yet supported outside strict mode
    at exports.runInThisContext (vm.js:53:16)
    at Module._compile (module.js:387:25)
    at Object.Module._extensions..js (module.js:422:10)
    at Module.load (module.js:357:32)
    at Function.Module._load (module.js:314:12)
    at Function._load (/Users/hotread/.config/yarn/global/node_modules/pmx/lib/transaction.js:94:21)
    at Module.require (module.js:367:17)
    at require (internal/module.js:16:19)
    at Object.<anonymous> (/Users/hotread/work/learn/Blog/MyBlogBack/app.js:7:15)
    at Module._compile (module.js:413:34)
SyntaxError: Block-scoped declarations (let, const, function, class) not yet supported outside strict mode
    at exports.runInThisContext (vm.js:53:16)
    at Module._compile (module.js:387:25)
    at Object.Module._extensions..js (module.js:422:10)
    at Module.load (module.js:357:32)
    at Function.Module._load (module.js:314:12)
    at Function._load (/Users/hotread/.config/yarn/global/node_modules/pmx/lib/transaction.js:94:21)
    at Module.require (module.js:367:17)
    at require (internal/module.js:16:19)
    at Object.<anonymous> (/Users/hotread/work/learn/Blog/MyBlogBack/app.js:7:15)
    at Module._compile (module.js:413:34)
SyntaxError: Block-scoped declarations (let, const, function, class) not yet supported outside strict mode
    at exports.runInThisContext (vm.js:53:16)
    at Module._compile (module.js:387:25)
    at Object.Module._extensions..js (module.js:422:10)
    at Module.load (module.js:357:32)
    at Function.Module._load (module.js:314:12)
    at Function._load (/Users/hotread/.config/yarn/global/node_modules/pmx/lib/transaction.js:94:21)
    at Module.require (module.js:367:17)
    at require (internal/module.js:16:19)
    at Object.<anonymous> (/Users/hotread/work/learn/Blog/MyBlogBack/app.js:7:15)
    at Module._compile (module.js:413:34)
SyntaxError: Block-scoped declarations (let, const, function, class) not yet supported outside strict mode
    at exports.runInThisContext (vm.js:53:16)
    at Module._compile (module.js:387:25)
    at Object.Module._extensions..js (module.js:422:10)
    at Module.load (module.js:357:32)
    at Function.Module._load (module.js:314:12)
    at Function._load (/Users/hotread/.config/yarn/global/node_modules/pmx/lib/transaction.js:94:21)
    at Module.require (module.js:367:17)
    at require (internal/module.js:16:19)
    at Object.<anonymous> (/Users/hotread/work/learn/Blog/MyBlogBack/app.js:7:15)
    at Module._compile (module.js:413:34)
SyntaxError: Block-scoped declarations (let, const, function, class) not yet supported outside strict mode
    at exports.runInThisContext (vm.js:53:16)
    at Module._compile (module.js:387:25)
    at Object.Module._extensions..js (module.js:422:10)
    at Module.load (module.js:357:32)
    at Function.Module._load (module.js:314:12)
    at Function._load (/Users/hotread/.config/yarn/global/node_modules/pmx/lib/transaction.js:94:21)
    at Module.require (module.js:367:17)
    at require (internal/module.js:16:19)
    at Object.<anonymous> (/Users/hotread/work/learn/Blog/MyBlogBack/app.js:7:15)
    at Module._compile (module.js:413:34)
SyntaxError: Block-scoped declarations (let, const, function, class) not yet supported outside strict mode
    at exports.runInThisContext (vm.js:53:16)
    at Module._compile (module.js:387:25)
    at Object.Module._extensions..js (module.js:422:10)
    at Module.load (module.js:357:32)
    at Function.Module._load (module.js:314:12)
    at Function._load (/Users/hotread/.config/yarn/global/node_modules/pmx/lib/transaction.js:94:21)
    at Module.require (module.js:367:17)
    at require (internal/module.js:16:19)
    at Object.<anonymous> (/Users/hotread/work/learn/Blog/MyBlogBack/app.js:7:15)
    at Module._compile (module.js:413:34)
SyntaxError: Block-scoped declarations (let, const, function, class) not yet supported outside strict mode
    at exports.runInThisContext (vm.js:53:16)
    at Module._compile (module.js:387:25)
    at Object.Module._extensions..js (module.js:422:10)
    at Module.load (module.js:357:32)
    at Function.Module._load (module.js:314:12)
    at Function._load (/Users/hotread/.config/yarn/global/node_modules/pmx/lib/transaction.js:94:21)
    at Module.require (module.js:367:17)
    at require (internal/module.js:16:19)
    at Object.<anonymous> (/Users/hotread/work/learn/Blog/MyBlogBack/app.js:7:15)
    at Module._compile (module.js:413:34)
